<?xml version="1.0" encoding="UTF-8"?>
<!-- Generated by org.testng.reporters.JUnitReportReporter -->
<testsuite hostname="DESKTOP-G40R6I1" failures="0" tests="1" name="run.Elements" time="12.952" errors="0" timestamp="2025-01-06T02:18:02 SGT" skipped="0">
  <testcase classname="run.Elements" name="textBoxM" time="12.952"/>
  <system-out/>
</testsuite> <!-- run.Elements -->
