<?xml version="1.0" encoding="UTF-8"?>
<!-- Generated by org.testng.reporters.JUnitReportReporter -->
<testsuite hostname="DESKTOP-G40R6I1" failures="0" tests="9" name="run.Elements" time="41.227" errors="0" timestamp="2025-04-22T17:17:36 SGT" skipped="0">
  <testcase classname="run.Elements" name="textBoxM" time="23.393"/>
  <system-out/>
  <testcase classname="run.Elements" name="textBoxPage" time="0.682"/>
  <system-out/>
  <testcase classname="run.Elements" name="checkBoxM" time="1.021"/>
  <system-out/>
  <testcase classname="run.Elements" name="radioButtonM" time="0.399"/>
  <system-out/>
  <testcase classname="run.Elements" name="webTableM" time="2.203"/>
  <system-out/>
  <testcase classname="run.Elements" name="buttonM" time="0.703"/>
  <system-out/>
  <testcase classname="run.Elements" name="linkModule" time="5.516"/>
  <system-out/>
  <testcase classname="run.Elements" name="brokenLinkModule" time="7.057"/>
  <system-out/>
  <testcase classname="run.Elements" name="uploadAndDownloadModule" time="0.253"/>
  <system-out/>
</testsuite> <!-- run.Elements -->
