<?xml version="1.0" encoding="UTF-8"?>
<!-- Generated by org.testng.reporters.JUnitReportReporter -->
<testsuite hostname="DESKTOP-G40R6I1" failures="0" tests="6" name="run.Elements" time="11.947" errors="0" timestamp="2025-02-26T13:43:26 SGT" skipped="0">
  <testcase classname="run.Elements" name="textBoxM" time="7.147"/>
  <system-out/>
  <testcase classname="run.Elements" name="textBoxPage" time="0.671"/>
  <system-out/>
  <testcase classname="run.Elements" name="checkBoxM" time="1.259"/>
  <system-out/>
  <testcase classname="run.Elements" name="radioButtonM" time="0.252"/>
  <system-out/>
  <testcase classname="run.Elements" name="webTableM" time="2.281"/>
  <system-out/>
  <testcase classname="run.Elements" name="buttonM" time="0.337"/>
  <system-out/>
</testsuite> <!-- run.Elements -->
