<?xml version="1.0" encoding="UTF-8"?>
<!-- Generated by org.testng.reporters.JUnitReportReporter -->
<testsuite hostname="DESKTOP-G40R6I1" failures="0" tests="4" name="run.Elements" time="146.633" errors="0" timestamp="2025-02-13T02:13:24 SGT" skipped="0">
  <testcase classname="run.Elements" name="textBoxM" time="142.077"/>
  <system-out/>
  <testcase classname="run.Elements" name="checkBoxM" time="1.362"/>
  <system-out/>
  <testcase classname="run.Elements" name="radioButtonM" time="0.357"/>
  <system-out/>
  <testcase classname="run.Elements" name="webTableM" time="2.837"/>
  <system-out/>
</testsuite> <!-- run.Elements -->
