<?xml version="1.0" encoding="UTF-8"?>
<!-- Generated by org.testng.reporters.JUnitReportReporter -->
<testsuite hostname="DESKTOP-G40R6I1" failures="0" tests="2" name="run.Elements" time="43.093" errors="0" timestamp="2025-02-05T01:36:05 SGT" skipped="0">
  <testcase classname="run.Elements" name="textBoxM" time="41.965"/>
  <system-out/>
  <testcase classname="run.Elements" name="checkBoxM" time="1.128"/>
  <system-out/>
</testsuite> <!-- run.Elements -->
