<?xml version="1.0" encoding="UTF-8"?>
<!-- Generated by org.testng.reporters.JUnitReportReporter -->
<testsuite hostname="DESKTOP-G40R6I1" failures="0" tests="7" name="run.Elements" time="99.155" errors="0" timestamp="2025-03-06T01:28:54 SGT" skipped="0">
  <testcase classname="run.Elements" name="textBoxM" time="68.296"/>
  <system-out/>
  <testcase classname="run.Elements" name="textBoxPage" time="0.730"/>
  <system-out/>
  <testcase classname="run.Elements" name="checkBoxM" time="1.542"/>
  <system-out/>
  <testcase classname="run.Elements" name="radioButtonM" time="0.303"/>
  <system-out/>
  <testcase classname="run.Elements" name="webTableM" time="2.722"/>
  <system-out/>
  <testcase classname="run.Elements" name="buttonM" time="0.777"/>
  <system-out/>
  <testcase classname="run.Elements" name="linkModule" time="24.785"/>
  <system-out/>
</testsuite> <!-- run.Elements -->
