<?xml version="1.0" encoding="UTF-8"?>
<!-- Generated by org.testng.reporters.JUnitReportReporter -->
<testsuite hostname="DESKTOP-G40R6I1" failures="0" tests="6" name="run.Elements" time="34.864" errors="0" timestamp="2025-02-26T14:25:08 SGT" skipped="0">
  <testcase classname="run.Elements" name="textBoxM" time="30.691"/>
  <system-out/>
  <testcase classname="run.Elements" name="textBoxPage" time="0.597"/>
  <system-out/>
  <testcase classname="run.Elements" name="checkBoxM" time="0.911"/>
  <system-out/>
  <testcase classname="run.Elements" name="radioButtonM" time="0.178"/>
  <system-out/>
  <testcase classname="run.Elements" name="webTableM" time="2.147"/>
  <system-out/>
  <testcase classname="run.Elements" name="buttonM" time="0.340"/>
  <system-out/>
</testsuite> <!-- run.Elements -->
