<?xml version="1.0" encoding="UTF-8"?>
<!-- Generated by org.testng.reporters.JUnitReportReporter -->
<testsuite hostname="DESKTOP-G40R6I1" failures="0" tests="8" name="run.Elements" time="149.261" errors="0" timestamp="2025-03-26T14:55:24 SGT" skipped="0">
  <testcase classname="run.Elements" name="textBoxM" time="100.771"/>
  <system-out/>
  <testcase classname="run.Elements" name="textBoxPage" time="0.612"/>
  <system-out/>
  <testcase classname="run.Elements" name="checkBoxM" time="1.180"/>
  <system-out/>
  <testcase classname="run.Elements" name="radioButtonM" time="0.293"/>
  <system-out/>
  <testcase classname="run.Elements" name="webTableM" time="2.024"/>
  <system-out/>
  <testcase classname="run.Elements" name="buttonM" time="0.532"/>
  <system-out/>
  <testcase classname="run.Elements" name="linkModule" time="18.314"/>
  <system-out/>
  <testcase classname="run.Elements" name="brokenLinkModule" time="25.535"/>
  <system-out/>
</testsuite> <!-- run.Elements -->
